
==================================================
TIME SERIES DATA PROCESSING
==================================================

Loading data from:
File: btcusd_1-min_data.csv

No features specified, using default OHLCV

No target feature specified, using default 'Close'

Feature validation:
Required features: ['Open', 'High', 'Low', 'Close', 'Volume']
Target feature: Close
All required features found in dataset

Feature statistics:

Open:
  Min: 3.80
  Max: 93411.00
  Mean: 14275.26
  Std: 19123.97

High:
  Min: 3.80
  Max: 93483.00
  Mean: 14281.46
  Std: 19131.46

Low:
  Min: 3.80
  Max: 93271.00
  Mean: 14268.88
  Std: 19116.37

Close:
  Min: 3.80
  Max: 93436.00
  Mean: 14275.29
  Std: 19124.07

Volume:
  Min: 0.00
  Max: 5853.85
  Mean: 5.48
  Std: 22.98

Initial data size: 6714281 entries

Filtering data from 2022-01-01...
Remaining entries after filtering: 1455161

Resampling data to 4h intervals...

No aggregation rules specified, using default for OHLCV
Using aggregation methods: {'Open': 'first', 'High': 'max', 'Low': 'min', 'Close': 'last', 'Volume': 'sum'}
Final entries after resampling: 6120

Data split:
Training set: 4284 entries (70.0%)
Validation set: 918 entries (15.0%)
Test set: 918 entries (15.0%)

Scaling data...

Creating sequences (length=60)...

Creating training sequences...

Sequence creation details:
Target feature: Close (index: 3)
Available features: ['Open', 'High', 'Low', 'Close', 'Volume']
Sequence length: 60
Created 4224 sequences
Target value range: min=0.0000, max=1.0000

Creating validation sequences...

Sequence creation details:
Target feature: Close (index: 3)
Available features: ['Open', 'High', 'Low', 'Close', 'Volume']
Sequence length: 60
Created 858 sequences
Target value range: min=0.7132, max=1.7881

Creating testing sequences...

Sequence creation details:
Target feature: Close (index: 3)
Available features: ['Open', 'High', 'Low', 'Close', 'Volume']
Sequence length: 60
Created 858 sequences
Target value range: min=1.1038, max=2.3848

Sequence shapes:
X_train: (4224, 60, 5)
y_train: (4224,)
X_val: (858, 60, 5)
y_val: (858,)
X_test: (858, 60, 5)
y_test: (858,)

Converting to PyTorch tensors...

Saving processed data...

Processing completed in 5.09 seconds
==================================================
