
==================================================
TIME SERIES DATA PROCESSING
==================================================

Loading data from:
File: BTCUSD_1m_Combined_Index.csv

No features specified, using default OHLCV

No target feature specified, using default 'Close'

Feature validation:
Required features: ['Volume', 'Open', 'High', 'Low', 'Close']
Target feature: Close
All required features found in dataset

Feature statistics:

Volume:
  Min: 0.00
  Max: 155372740.17
  Mean: 555011.06
  Std: 1837656.15

Open:
  Min: 2.22
  Max: 73915.97
  Mean: 14100.47
  Std: 19228.23

High:
  Min: 2.22
  Max: 73927.49
  Mean: 14106.80
  Std: 19236.29

Low:
  Min: 2.22
  Max: 73820.47
  Mean: 14094.08
  Std: 19220.14

Close:
  Min: 2.22
  Max: 73915.97
  Mean: 14100.48
  Std: 19228.24

Initial data size: 6943916 entries

Filtering data from 2011-08-18...
Remaining entries after filtering: 6943916

Resampling data to 24h intervals...

No aggregation rules specified, using default for OHLCV
Using aggregation methods: {'Volume': 'sum', 'Open': 'first', 'High': 'max', 'Low': 'min', 'Close': 'last'}
Final entries after resampling: 4823

Data split:
Training set: 3376 entries (70.0%)
Validation set: 723 entries (15.0%)
Test set: 724 entries (15.0%)

Applying log transformation and scaling data...

Creating sequences (length=60, prediction_steps=5)...

Creating training sequences...

Sequence creation details:
Target feature: Close (index: 4)
Available features: ['Volume', 'Open', 'High', 'Low', 'Close']
Sequence length: 60
Prediction steps: 5
Created 3312 sequences
Sequence shape: (3312, 60, 5)
Targets shape: (3312, 5)
Target value range: min=-2.1801, max=1.4501

Creating validation sequences...

Sequence creation details:
Target feature: Close (index: 4)
Available features: ['Volume', 'Open', 'High', 'Low', 'Close']
Sequence length: 60
Prediction steps: 5
Created 659 sequences
Sequence shape: (659, 60, 5)
Targets shape: (659, 5)
Target value range: min=1.4264, max=1.9670

Creating testing sequences...

Sequence creation details:
Target feature: Close (index: 4)
Available features: ['Volume', 'Open', 'High', 'Low', 'Close']
Sequence length: 60
Prediction steps: 5
Created 660 sequences
Sequence shape: (660, 60, 5)
Targets shape: (660, 5)
Target value range: min=1.3898, max=1.9993

Sequence shapes:
X_train: (3312, 60, 5)
y_train: (3312, 5)
X_val: (659, 60, 5)
y_val: (659, 5)
X_test: (660, 60, 5)
y_test: (660, 5)

Converting to PyTorch tensors...

Saving processed data...

Processing completed in 10.11 seconds
==================================================
