=== Starting new training run ===
Crypto Currency: btc

Model Parameters:
  hidden_size: 256
  num_layers: 3
  dropout: 0.1
  num_epochs: 50
  batch_size: 64
  learning_rate: 0.0001
  device: cpu
  weight_decay: 1e-05
  betas: (0.9, 0.999)
  eps: 1e-08
  criterion: MSE
Loading pre-processed data...

=== Dataset Configuration ===
Sequence length: 60
Feature count: 5
Feature indices: {'Volume': 0, 'Open': 1, 'High': 2, 'Low': 3, 'Close': 4}
Close price index: 4

=== Data Shapes ===
Training set shape: torch.Size([3312, 60, 5])
Validation set shape: torch.Size([659, 60, 5])
Test set shape: torch.Size([660, 60, 5])

=== Date Range ===
Start date: 2011-08-18
End date: 2024-10-30

=== Feature Alignment Verification ===
Feature alignment test - Close position: 4
Inverse transform test shape: (1, 5)
Prediction steps: 5
Model input size: 5
Starting training process...
Starting training process
Model architecture:
MultiStepPricePredictionModel(
  (lstm): EnhancedLSTM(
    (input_embedding): Linear(in_features=5, out_features=256, bias=True)
    (lstm_cells): ModuleList(
      (0-2): 3 x CustomLSTMCell(
        (dropout): Dropout(p=0.1, inplace=False)
        (layer_norm_1): LayerNorm((256,), eps=1e-05, elementwise_affine=True)
        (layer_norm_2): LayerNorm((256,), eps=1e-05, elementwise_affine=True)
        (gates): Linear(in_features=512, out_features=1024, bias=True)
      )
    )
    (attention): AttentionLayer(
      (attention): Sequential(
        (0): Linear(in_features=256, out_features=256, bias=True)
        (1): Tanh()
        (2): Linear(in_features=256, out_features=1, bias=True)
      )
    )
    (positional_encoding): PositionalEncoding()
    (self_attention): MultiHeadSelfAttention(
      (q_linear): Linear(in_features=256, out_features=256, bias=True)
      (k_linear): Linear(in_features=256, out_features=256, bias=True)
      (v_linear): Linear(in_features=256, out_features=256, bias=True)
      (dropout): Dropout(p=0.1, inplace=False)
      (out): Linear(in_features=256, out_features=256, bias=True)
    )
    (glu): GatedLinearUnit(
      (linear): Linear(in_features=256, out_features=512, bias=True)
    )
    (temporal_conv): TemporalConvNet(
      (conv1): Conv1d(256, 256, kernel_size=(3,), stride=(1,), padding=(1,))
      (conv2): Conv1d(256, 256, kernel_size=(3,), stride=(1,), padding=(1,))
      (layer_norm): LayerNorm((256,), eps=1e-05, elementwise_affine=True)
    )
    (layer_norm): LayerNorm((256,), eps=1e-05, elementwise_affine=True)
    (skip_connections): ModuleList(
      (0-2): 3 x Linear(in_features=256, out_features=256, bias=True)
    )
  )
  (prediction_heads): ModuleList(
    (0-4): 5 x Sequential(
      (0): Linear(in_features=256, out_features=256, bias=True)
      (1): LayerNorm((256,), eps=1e-05, elementwise_affine=True)
      (2): ReLU()
      (3): Dropout(p=0.1, inplace=False)
      (4): Linear(in_features=256, out_features=128, bias=True)
      (5): ReLU()
      (6): Dropout(p=0.1, inplace=False)
      (7): Linear(in_features=128, out_features=1, bias=True)
    )
  )
)
Training parameters: epochs=50, device=cpu
Optimizer: Adam (
Parameter Group 0
    amsgrad: False
    betas: (0.9, 0.999)
    capturable: False
    differentiable: False
    eps: 1e-08
    foreach: None
    fused: None
    lr: 0.0001
    maximize: False
    weight_decay: 1e-05
)
Loss function: MSELoss()
Training batches: 52
Validation batches: 11

Starting Epoch [1/50]

First batch details:
Scaled predictions (first 3):
[[0.04281483]
 [0.04124301]
 [0.05397655]]
Scaled targets (first 3):
[-0.3589357  -0.10920765  0.39905632]
Price predictions (first 3):
[668.81307356 666.29267462 686.98663737]
Price targets (first 3):
[ 254.55123049  464.16000107 1573.07576807]
Initial normalized MSE: 0.954583
Initial price-scale MSE: 21944383.23
Epoch [1/50] Summary:
  Normalized - Train MSE: 0.124213, RMSE: 0.352439
  Normalized - Val MSE: 0.268676, RMSE: 0.518340
  Price Scale - Train MSE: 6086901.70, RMSE: $2467.16
  Price Scale - Val MSE: 931679812.07, RMSE: $30523.43

Starting Epoch [2/50]
Epoch [2/50] Summary:
  Normalized - Train MSE: 0.019529, RMSE: 0.139747
  Normalized - Val MSE: 0.204520, RMSE: 0.452239
  Price Scale - Train MSE: 3036941.49, RMSE: $1742.68
  Price Scale - Val MSE: 826327814.43, RMSE: $28745.92

Starting Epoch [3/50]
Epoch [3/50] Summary:
  Normalized - Train MSE: 0.014680, RMSE: 0.121162
  Normalized - Val MSE: 0.215125, RMSE: 0.463816
  Price Scale - Train MSE: 2312840.29, RMSE: $1520.80
  Price Scale - Val MSE: 846367253.37, RMSE: $29092.39

Starting Epoch [4/50]
Epoch [4/50] Summary:
  Normalized - Train MSE: 0.011884, RMSE: 0.109013
  Normalized - Val MSE: 0.163798, RMSE: 0.404719
  Price Scale - Train MSE: 1959497.90, RMSE: $1399.82
  Price Scale - Val MSE: 743503530.95, RMSE: $27267.26

Starting Epoch [5/50]

Attention Pattern Sample (Epoch 5):
Average attention weights: [[0.00126792]
 [0.0014928 ]
 [0.00163723]
 [0.00165632]
 [0.0016292 ]]
Epoch [5/50] Summary:
  Normalized - Train MSE: 0.011196, RMSE: 0.105809
  Normalized - Val MSE: 0.188957, RMSE: 0.434692
  Price Scale - Train MSE: 1917889.84, RMSE: $1384.88
  Price Scale - Val MSE: 795538721.43, RMSE: $28205.30

Starting Epoch [6/50]
Epoch [6/50] Summary:
  Normalized - Train MSE: 0.010148, RMSE: 0.100739
  Normalized - Val MSE: 0.154286, RMSE: 0.392793
  Price Scale - Train MSE: 1651372.48, RMSE: $1285.06
  Price Scale - Val MSE: 719938463.51, RMSE: $26831.67

Starting Epoch [7/50]
Epoch [7/50] Summary:
  Normalized - Train MSE: 0.009278, RMSE: 0.096322
  Normalized - Val MSE: 0.149678, RMSE: 0.386883
  Price Scale - Train MSE: 1647454.84, RMSE: $1283.53
  Price Scale - Val MSE: 707102353.39, RMSE: $26591.40

Starting Epoch [8/50]
Epoch [8/50] Summary:
  Normalized - Train MSE: 0.009035, RMSE: 0.095052
  Normalized - Val MSE: 0.148253, RMSE: 0.385036
  Price Scale - Train MSE: 1517409.50, RMSE: $1231.83
  Price Scale - Val MSE: 705654372.61, RMSE: $26564.16

Starting Epoch [9/50]
Epoch [9/50] Summary:
  Normalized - Train MSE: 0.008835, RMSE: 0.093996
  Normalized - Val MSE: 0.154794, RMSE: 0.393439
  Price Scale - Train MSE: 1440875.57, RMSE: $1200.36
  Price Scale - Val MSE: 717727123.35, RMSE: $26790.43

Starting Epoch [10/50]

Attention Pattern Sample (Epoch 10):
Average attention weights: [[0.00112776]
 [0.00172023]
 [0.00195009]
 [0.0019437 ]
 [0.00181437]]
Epoch [10/50] Summary:
  Normalized - Train MSE: 0.008455, RMSE: 0.091950
  Normalized - Val MSE: 0.138205, RMSE: 0.371759
  Price Scale - Train MSE: 1410041.79, RMSE: $1187.45
  Price Scale - Val MSE: 678683533.08, RMSE: $26051.56

Starting Epoch [11/50]
Epoch [11/50] Summary:
  Normalized - Train MSE: 0.007579, RMSE: 0.087059
  Normalized - Val MSE: 0.137816, RMSE: 0.371236
  Price Scale - Train MSE: 1312486.53, RMSE: $1145.64
  Price Scale - Val MSE: 678779909.73, RMSE: $26053.40

Starting Epoch [12/50]
Epoch [12/50] Summary:
  Normalized - Train MSE: 0.007649, RMSE: 0.087460
  Normalized - Val MSE: 0.126153, RMSE: 0.355180
  Price Scale - Train MSE: 1312009.53, RMSE: $1145.43
  Price Scale - Val MSE: 647334723.38, RMSE: $25442.77

Starting Epoch [13/50]
Epoch [13/50] Summary:
  Normalized - Train MSE: 0.007309, RMSE: 0.085495
  Normalized - Val MSE: 0.143074, RMSE: 0.378251
  Price Scale - Train MSE: 1208312.86, RMSE: $1099.23
  Price Scale - Val MSE: 690732293.39, RMSE: $26281.79

Starting Epoch [14/50]
Epoch [14/50] Summary:
  Normalized - Train MSE: 0.006888, RMSE: 0.082992
  Normalized - Val MSE: 0.130653, RMSE: 0.361460
  Price Scale - Train MSE: 1177399.86, RMSE: $1085.08
  Price Scale - Val MSE: 658148568.16, RMSE: $25654.41

Starting Epoch [15/50]

Attention Pattern Sample (Epoch 15):
Average attention weights: [[0.00099802]
 [0.00203552]
 [0.00235306]
 [0.00219599]
 [0.00195564]]
Epoch [15/50] Summary:
  Normalized - Train MSE: 0.006792, RMSE: 0.082414
  Normalized - Val MSE: 0.133144, RMSE: 0.364888
  Price Scale - Train MSE: 1220549.15, RMSE: $1104.78
  Price Scale - Val MSE: 666560674.39, RMSE: $25817.84

Starting Epoch [16/50]
Epoch [16/50] Summary:
  Normalized - Train MSE: 0.006796, RMSE: 0.082440
  Normalized - Val MSE: 0.129791, RMSE: 0.360265
  Price Scale - Train MSE: 1171964.13, RMSE: $1082.57
  Price Scale - Val MSE: 656682661.69, RMSE: $25625.82

Starting Epoch [17/50]
Epoch [17/50] Summary:
  Normalized - Train MSE: 0.006482, RMSE: 0.080509
  Normalized - Val MSE: 0.125928, RMSE: 0.354864
  Price Scale - Train MSE: 1080902.80, RMSE: $1039.66
  Price Scale - Val MSE: 647258971.96, RMSE: $25441.28

Starting Epoch [18/50]
Epoch [18/50] Summary:
  Normalized - Train MSE: 0.006874, RMSE: 0.082910
  Normalized - Val MSE: 0.132629, RMSE: 0.364182
  Price Scale - Train MSE: 1197738.95, RMSE: $1094.41
  Price Scale - Val MSE: 665649250.10, RMSE: $25800.18

Starting Epoch [19/50]
Epoch [19/50] Summary:
  Normalized - Train MSE: 0.006409, RMSE: 0.080057
  Normalized - Val MSE: 0.124848, RMSE: 0.353338
  Price Scale - Train MSE: 1103240.57, RMSE: $1050.35
  Price Scale - Val MSE: 644318968.44, RMSE: $25383.44

Starting Epoch [20/50]

Attention Pattern Sample (Epoch 20):
Average attention weights: [[0.0009458 ]
 [0.00207977]
 [0.0023609 ]
 [0.0021518 ]
 [0.00192766]]
Epoch [20/50] Summary:
  Normalized - Train MSE: 0.006041, RMSE: 0.077724
  Normalized - Val MSE: 0.135417, RMSE: 0.367991
  Price Scale - Train MSE: 1043040.91, RMSE: $1021.29
  Price Scale - Val MSE: 670600525.80, RMSE: $25895.96

Starting Epoch [21/50]
Epoch [21/50] Summary:
  Normalized - Train MSE: 0.006019, RMSE: 0.077584
  Normalized - Val MSE: 0.130437, RMSE: 0.361161
  Price Scale - Train MSE: 1046716.79, RMSE: $1023.09
  Price Scale - Val MSE: 659795579.19, RMSE: $25686.49

Starting Epoch [22/50]
Epoch [22/50] Summary:
  Normalized - Train MSE: 0.005690, RMSE: 0.075432
  Normalized - Val MSE: 0.114364, RMSE: 0.338177
  Price Scale - Train MSE: 988524.82, RMSE: $994.25
  Price Scale - Val MSE: 614319585.06, RMSE: $24785.47

Starting Epoch [23/50]
Epoch [23/50] Summary:
  Normalized - Train MSE: 0.005943, RMSE: 0.077093
  Normalized - Val MSE: 0.123153, RMSE: 0.350931
  Price Scale - Train MSE: 1028594.10, RMSE: $1014.20
  Price Scale - Val MSE: 639118466.69, RMSE: $25280.79

Starting Epoch [24/50]
Epoch [24/50] Summary:
  Normalized - Train MSE: 0.006159, RMSE: 0.078481
  Normalized - Val MSE: 0.137485, RMSE: 0.370790
  Price Scale - Train MSE: 1047593.17, RMSE: $1023.52
  Price Scale - Val MSE: 677325622.98, RMSE: $26025.48

Starting Epoch [25/50]

Attention Pattern Sample (Epoch 25):
Average attention weights: [[0.00069232]
 [0.00212063]
 [0.00256051]
 [0.00232238]
 [0.00206222]]
Epoch [25/50] Summary:
  Normalized - Train MSE: 0.005883, RMSE: 0.076703
  Normalized - Val MSE: 0.139928, RMSE: 0.374070
  Price Scale - Train MSE: 1043479.73, RMSE: $1021.51
  Price Scale - Val MSE: 682755984.31, RMSE: $26129.60

Starting Epoch [26/50]
Epoch [26/50] Summary:
  Normalized - Train MSE: 0.005446, RMSE: 0.073799
  Normalized - Val MSE: 0.131051, RMSE: 0.362010
  Price Scale - Train MSE: 962973.17, RMSE: $981.31
  Price Scale - Val MSE: 660180354.35, RMSE: $25693.98

Starting Epoch [27/50]
Epoch [27/50] Summary:
  Normalized - Train MSE: 0.005592, RMSE: 0.074781
  Normalized - Val MSE: 0.126065, RMSE: 0.355057
  Price Scale - Train MSE: 986949.86, RMSE: $993.45
  Price Scale - Val MSE: 646971883.20, RMSE: $25435.64

Starting Epoch [28/50]
Epoch [28/50] Summary:
  Normalized - Train MSE: 0.006017, RMSE: 0.077568
  Normalized - Val MSE: 0.167995, RMSE: 0.409872
  Price Scale - Train MSE: 1136357.26, RMSE: $1066.00
  Price Scale - Val MSE: 748714611.54, RMSE: $27362.65

Starting Epoch [29/50]
Epoch [29/50] Summary:
  Normalized - Train MSE: 0.005539, RMSE: 0.074428
  Normalized - Val MSE: 0.137499, RMSE: 0.370809
  Price Scale - Train MSE: 945974.53, RMSE: $972.61
  Price Scale - Val MSE: 675387178.39, RMSE: $25988.21

Starting Epoch [30/50]

Attention Pattern Sample (Epoch 30):
Average attention weights: [[0.00062743]
 [0.0020526 ]
 [0.00226837]
 [0.00194112]
 [0.00157774]]
Epoch [30/50] Summary:
  Normalized - Train MSE: 0.005244, RMSE: 0.072413
  Normalized - Val MSE: 0.138127, RMSE: 0.371654
  Price Scale - Train MSE: 911832.91, RMSE: $954.90
  Price Scale - Val MSE: 677286602.41, RMSE: $26024.73

Starting Epoch [31/50]
Epoch [31/50] Summary:
  Normalized - Train MSE: 0.005296, RMSE: 0.072777
  Normalized - Val MSE: 0.129711, RMSE: 0.360154
  Price Scale - Train MSE: 931469.59, RMSE: $965.13
  Price Scale - Val MSE: 656949319.15, RMSE: $25631.02

Starting Epoch [32/50]
Epoch [32/50] Summary:
  Normalized - Train MSE: 0.005146, RMSE: 0.071737
  Normalized - Val MSE: 0.142235, RMSE: 0.377141
  Price Scale - Train MSE: 909564.34, RMSE: $953.71
  Price Scale - Val MSE: 688349964.01, RMSE: $26236.42

Starting Epoch [33/50]
Epoch [33/50] Summary:
  Normalized - Train MSE: 0.005642, RMSE: 0.075113
  Normalized - Val MSE: 0.152990, RMSE: 0.391140
  Price Scale - Train MSE: 960402.80, RMSE: $980.00
  Price Scale - Val MSE: 714481571.11, RMSE: $26729.79

Starting Epoch [34/50]
Epoch [34/50] Summary:
  Normalized - Train MSE: 0.005461, RMSE: 0.073898
  Normalized - Val MSE: 0.145163, RMSE: 0.381003
  Price Scale - Train MSE: 957424.90, RMSE: $978.48
  Price Scale - Val MSE: 694995285.52, RMSE: $26362.76

Starting Epoch [35/50]

Attention Pattern Sample (Epoch 35):
Average attention weights: [[0.00066319]
 [0.00233506]
 [0.002379  ]
 [0.00184012]
 [0.00149888]]
Epoch [35/50] Summary:
  Normalized - Train MSE: 0.005200, RMSE: 0.072108
  Normalized - Val MSE: 0.136926, RMSE: 0.370036
  Price Scale - Train MSE: 928266.67, RMSE: $963.47
  Price Scale - Val MSE: 676072915.79, RMSE: $26001.40

Starting Epoch [36/50]
Epoch [36/50] Summary:
  Normalized - Train MSE: 0.005223, RMSE: 0.072272
  Normalized - Val MSE: 0.130194, RMSE: 0.360824
  Price Scale - Train MSE: 903665.50, RMSE: $950.61
  Price Scale - Val MSE: 657779312.30, RMSE: $25647.21

Starting Epoch [37/50]
Epoch [37/50] Summary:
  Normalized - Train MSE: 0.005125, RMSE: 0.071592
  Normalized - Val MSE: 0.133567, RMSE: 0.365468
  Price Scale - Train MSE: 910482.19, RMSE: $954.19
  Price Scale - Val MSE: 666091092.30, RMSE: $25808.74

Starting Epoch [38/50]
Epoch [38/50] Summary:
  Normalized - Train MSE: 0.005056, RMSE: 0.071108
  Normalized - Val MSE: 0.134747, RMSE: 0.367080
  Price Scale - Train MSE: 944370.66, RMSE: $971.79
  Price Scale - Val MSE: 669787165.19, RMSE: $25880.25

Starting Epoch [39/50]
Epoch [39/50] Summary:
  Normalized - Train MSE: 0.005042, RMSE: 0.071008
  Normalized - Val MSE: 0.135406, RMSE: 0.367975
  Price Scale - Train MSE: 888976.06, RMSE: $942.86
  Price Scale - Val MSE: 671042556.54, RMSE: $25904.49

Starting Epoch [40/50]

Attention Pattern Sample (Epoch 40):
Average attention weights: [[0.00108448]
 [0.00438506]
 [0.0043047 ]
 [0.0031678 ]
 [0.00238667]]
Epoch [40/50] Summary:
  Normalized - Train MSE: 0.004962, RMSE: 0.070445
  Normalized - Val MSE: 0.154165, RMSE: 0.392638
  Price Scale - Train MSE: 906077.72, RMSE: $951.88
  Price Scale - Val MSE: 716853410.62, RMSE: $26774.12

Starting Epoch [41/50]
Epoch [41/50] Summary:
  Normalized - Train MSE: 0.004817, RMSE: 0.069402
  Normalized - Val MSE: 0.144974, RMSE: 0.380754
  Price Scale - Train MSE: 903906.62, RMSE: $950.74
  Price Scale - Val MSE: 695307419.94, RMSE: $26368.68

Starting Epoch [42/50]
Epoch [42/50] Summary:
  Normalized - Train MSE: 0.005074, RMSE: 0.071233
  Normalized - Val MSE: 0.140294, RMSE: 0.374558
  Price Scale - Train MSE: 864236.85, RMSE: $929.64
  Price Scale - Val MSE: 683699163.97, RMSE: $26147.64

Starting Epoch [43/50]
Epoch [43/50] Summary:
  Normalized - Train MSE: 0.004953, RMSE: 0.070374
  Normalized - Val MSE: 0.136494, RMSE: 0.369451
  Price Scale - Train MSE: 897184.20, RMSE: $947.20
  Price Scale - Val MSE: 674555765.85, RMSE: $25972.21

Starting Epoch [44/50]
Epoch [44/50] Summary:
  Normalized - Train MSE: 0.004850, RMSE: 0.069639
  Normalized - Val MSE: 0.135183, RMSE: 0.367672
  Price Scale - Train MSE: 865853.32, RMSE: $930.51
  Price Scale - Val MSE: 669845654.82, RMSE: $25881.38

Starting Epoch [45/50]

Attention Pattern Sample (Epoch 45):
Average attention weights: [[0.00128226]
 [0.0046861 ]
 [0.00410396]
 [0.00283956]
 [0.00204333]]
Epoch [45/50] Summary:
  Normalized - Train MSE: 0.005002, RMSE: 0.070724
  Normalized - Val MSE: 0.135674, RMSE: 0.368339
  Price Scale - Train MSE: 849110.03, RMSE: $921.47
  Price Scale - Val MSE: 670959444.82, RMSE: $25902.88

Starting Epoch [46/50]
Epoch [46/50] Summary:
  Normalized - Train MSE: 0.004795, RMSE: 0.069246
  Normalized - Val MSE: 0.142013, RMSE: 0.376846
  Price Scale - Train MSE: 851045.81, RMSE: $922.52
  Price Scale - Val MSE: 687617317.69, RMSE: $26222.46

Starting Epoch [47/50]
Epoch [47/50] Summary:
  Normalized - Train MSE: 0.004842, RMSE: 0.069584
  Normalized - Val MSE: 0.144979, RMSE: 0.380762
  Price Scale - Train MSE: 864726.84, RMSE: $929.91
  Price Scale - Val MSE: 696062587.52, RMSE: $26383.00

Starting Epoch [48/50]
Epoch [48/50] Summary:
  Normalized - Train MSE: 0.004909, RMSE: 0.070065
  Normalized - Val MSE: 0.140621, RMSE: 0.374995
  Price Scale - Train MSE: 885077.37, RMSE: $940.79
  Price Scale - Val MSE: 684780997.62, RMSE: $26168.32

Starting Epoch [49/50]
Epoch [49/50] Summary:
  Normalized - Train MSE: 0.004757, RMSE: 0.068969
  Normalized - Val MSE: 0.144225, RMSE: 0.379770
  Price Scale - Train MSE: 862167.20, RMSE: $928.53
  Price Scale - Val MSE: 692358087.95, RMSE: $26312.70

Starting Epoch [50/50]

Attention Pattern Sample (Epoch 50):
Average attention weights: [[0.00114397]
 [0.00418907]
 [0.00356171]
 [0.00252444]
 [0.00183952]]
Epoch [50/50] Summary:
  Normalized - Train MSE: 0.004636, RMSE: 0.068092
  Normalized - Val MSE: 0.145387, RMSE: 0.381297
  Price Scale - Train MSE: 853511.08, RMSE: $923.86
  Price Scale - Val MSE: 697305364.04, RMSE: $26406.54
Training completed in 2058.58 seconds
Saving model and results...
Starting evaluation process...
Generating predictions...
Creating visualizations...
Training history plot saved
Creating attention visualizations...
Attention visualization plots saved
Evaluation metrics (for test set):

Step 1:
  Mean Squared Error ($): 1043602389.5069114
  Root Mean Squared Error ($): 32304.83538894621
  Mean Absolute Error ($): 27801.621920096964
  Mean Absolute Percentage Error (%): 58.62505405193744
  Weighted MAPE (%): 64.17458646085666
  Directional Accuracy (%): 49.92412746585736
  Maximum Absolute Error ($): 56697.83090770535
  Mean Percentage Error (%): 58.62505405193744
  R² Score: -2.5332126790507212

Step 2:
  Mean Squared Error ($): 998443670.6144081
  Root Mean Squared Error ($): 31598.159291553806
  Mean Absolute Error ($): 26998.334621826983
  Mean Absolute Percentage Error (%): 56.36465624885931
  Weighted MAPE (%): 62.209373008475055
  Directional Accuracy (%): 50.986342943854325
  Maximum Absolute Error ($): 55819.48420231091
  Mean Percentage Error (%): 56.36465624885931
  R² Score: -2.3819321574987287

Step 3:
  Mean Squared Error ($): 1065401538.4854167
  Root Mean Squared Error ($): 32640.489250092694
  Mean Absolute Error ($): 28111.873189768456
  Mean Absolute Percentage Error (%): 59.083741900688516
  Weighted MAPE (%): 64.65552137415465
  Directional Accuracy (%): 51.441578148710164
  Maximum Absolute Error ($): 57053.990515414465
  Mean Percentage Error (%): 59.083741900688516
  R² Score: -2.608713126332779

Step 4:
  Mean Squared Error ($): 1066644170.9977728
  Root Mean Squared Error ($): 32659.518842104408
  Mean Absolute Error ($): 28122.405035364347
  Mean Absolute Percentage Error (%): 58.96702981762677
  Weighted MAPE (%): 64.55458030617753
  Directional Accuracy (%): 48.25493171471928
  Maximum Absolute Error ($): 56982.5534089561
  Mean Percentage Error (%): 58.96702981762677
  R² Score: -2.610002077452694

Step 5:
  Mean Squared Error ($): 1071664313.6277698
  Root Mean Squared Error ($): 32736.28435891541
  Mean Absolute Error ($): 28241.263110982632
  Mean Absolute Percentage Error (%): 59.2250180717504
  Weighted MAPE (%): 64.70409507598414
  Directional Accuracy (%): 47.040971168437025
  Maximum Absolute Error ($): 56989.77681094919
  Mean Percentage Error (%): 59.2250180717504
  R² Score: -2.6250170370416703
