
==================================================
TIME SERIES DATA PROCESSING
==================================================

Loading data from:
File: BTCUSD_1m_Combined_Index.csv

No features specified, using default OHLCV

No target feature specified, using default 'Close'

Feature validation:
Required features: ['Volume', 'Open', 'High', 'Low', 'Close']
Target feature: Close
All required features found in dataset

Feature statistics:

Volume:
  Min: 0.00
  Max: 155372740.17
  Mean: 555011.06
  Std: 1837656.15

Open:
  Min: 2.22
  Max: 73915.97
  Mean: 14100.47
  Std: 19228.23

High:
  Min: 2.22
  Max: 73927.49
  Mean: 14106.80
  Std: 19236.29

Low:
  Min: 2.22
  Max: 73820.47
  Mean: 14094.08
  Std: 19220.14

Close:
  Min: 2.22
  Max: 73915.97
  Mean: 14100.48
  Std: 19228.24

Initial data size: 6943916 entries

Filtering data from 2011-08-18...
Remaining entries after filtering: 6943916

Resampling data to 4h intervals...

No aggregation rules specified, using default for OHLCV
Using aggregation methods: {'Volume': 'sum', 'Open': 'first', 'High': 'max', 'Low': 'min', 'Close': 'last'}
Final entries after resampling: 28934

Data split:
Training set: 20253 entries (70.0%)
Validation set: 4340 entries (15.0%)
Test set: 4341 entries (15.0%)

Scaling data...

Creating sequences (length=60)...

Creating training sequences...

Sequence creation details:
Target feature: Close (index: 4)
Available features: ['Volume', 'Open', 'High', 'Low', 'Close']
Sequence length: 60
Created 20193 sequences
Target value range: min=-0.0991, max=3.1007

Creating validation sequences...

Sequence creation details:
Target feature: Close (index: 4)
Available features: ['Volume', 'Open', 'High', 'Low', 'Close']
Sequence length: 60
Created 4280 sequences
Target value range: min=2.5597, max=10.9502

Creating testing sequences...

Sequence creation details:
Target feature: Close (index: 4)
Available features: ['Volume', 'Open', 'High', 'Low', 'Close']
Sequence length: 60
Created 4281 sequences
Target value range: min=2.4230, max=11.7104

Sequence shapes:
X_train: (20193, 60, 5)
y_train: (20193,)
X_val: (4280, 60, 5)
y_val: (4280,)
X_test: (4281, 60, 5)
y_test: (4281,)

Converting to PyTorch tensors...

Saving processed data...

Processing completed in 9.60 seconds
==================================================
